Performing C SOURCE FILE Test CMAKE_HAVE_LIBC_PTHREAD failed with the following output:
Change Dir: /mnt/d/c/tail/libs/glfw/build/CMakeFiles/CMakeTmp

Run Build Command(s):/usr/bin/make cmTC_bdb74/fast && /usr/bin/make -f CMakeFiles/cmTC_bdb74.dir/build.make CMakeFiles/cmTC_bdb74.dir/build
make[1]: Entering directory '/mnt/d/c/tail/libs/glfw/build/CMakeFiles/CMakeTmp'
Building C object CMakeFiles/cmTC_bdb74.dir/src.c.obj
/usr/bin/i686-w64-mingw32-gcc   -DCMAKE_HAVE_LIBC_PTHREAD   -o CMakeFiles/cmTC_bdb74.dir/src.c.obj   -c /mnt/d/c/tail/libs/glfw/build/CMakeFiles/CMakeTmp/src.c
Linking C executable cmTC_bdb74.exe
/usr/bin/cmake -E cmake_link_script CMakeFiles/cmTC_bdb74.dir/link.txt --verbose=1
/usr/bin/cmake -E remove -f CMakeFiles/cmTC_bdb74.dir/objects.a
/usr/bin/i686-w64-mingw32-ar cr CMakeFiles/cmTC_bdb74.dir/objects.a @CMakeFiles/cmTC_bdb74.dir/objects1.rsp
/usr/bin/i686-w64-mingw32-gcc  -DCMAKE_HAVE_LIBC_PTHREAD    -Wl,--whole-archive CMakeFiles/cmTC_bdb74.dir/objects.a -Wl,--no-whole-archive  -o cmTC_bdb74.exe -Wl,--out-implib,libcmTC_bdb74.dll.a -Wl,--major-image-version,0,--minor-image-version,0 @CMakeFiles/cmTC_bdb74.dir/linklibs.rsp
/usr/bin/i686-w64-mingw32-ld: CMakeFiles/cmTC_bdb74.dir/objects.a(src.c.obj):src.c:(.text+0x36): undefined reference to `pthread_create'
/usr/bin/i686-w64-mingw32-ld: CMakeFiles/cmTC_bdb74.dir/objects.a(src.c.obj):src.c:(.text+0x42): undefined reference to `pthread_detach'
/usr/bin/i686-w64-mingw32-ld: CMakeFiles/cmTC_bdb74.dir/objects.a(src.c.obj):src.c:(.text+0x56): undefined reference to `pthread_join'
/usr/bin/i686-w64-mingw32-ld: CMakeFiles/cmTC_bdb74.dir/objects.a(src.c.obj):src.c:(.text+0x62): undefined reference to `pthread_exit'
collect2: error: ld returned 1 exit status
make[1]: *** [CMakeFiles/cmTC_bdb74.dir/build.make:89: cmTC_bdb74.exe] Error 1
make[1]: Leaving directory '/mnt/d/c/tail/libs/glfw/build/CMakeFiles/CMakeTmp'
make: *** [Makefile:121: cmTC_bdb74/fast] Error 2


Source file was:
#include <pthread.h>

void* test_func(void* data)
{
  return data;
}

int main(void)
{
  pthread_t thread;
  pthread_create(&thread, NULL, test_func, NULL);
  pthread_detach(thread);
  pthread_join(thread, NULL);
  pthread_atfork(NULL, NULL, NULL);
  pthread_exit(NULL);

  return 0;
}

Determining if the function pthread_create exists in the pthreads failed with the following output:
Change Dir: /mnt/d/c/tail/libs/glfw/build/CMakeFiles/CMakeTmp

Run Build Command(s):/usr/bin/make cmTC_84df1/fast && /usr/bin/make -f CMakeFiles/cmTC_84df1.dir/build.make CMakeFiles/cmTC_84df1.dir/build
make[1]: Entering directory '/mnt/d/c/tail/libs/glfw/build/CMakeFiles/CMakeTmp'
Building C object CMakeFiles/cmTC_84df1.dir/CheckFunctionExists.c.obj
/usr/bin/i686-w64-mingw32-gcc   -DCHECK_FUNCTION_EXISTS=pthread_create   -o CMakeFiles/cmTC_84df1.dir/CheckFunctionExists.c.obj   -c /usr/share/cmake-3.16/Modules/CheckFunctionExists.c
Linking C executable cmTC_84df1.exe
/usr/bin/cmake -E cmake_link_script CMakeFiles/cmTC_84df1.dir/link.txt --verbose=1
/usr/bin/cmake -E remove -f CMakeFiles/cmTC_84df1.dir/objects.a
/usr/bin/i686-w64-mingw32-ar cr CMakeFiles/cmTC_84df1.dir/objects.a @CMakeFiles/cmTC_84df1.dir/objects1.rsp
/usr/bin/i686-w64-mingw32-gcc  -DCHECK_FUNCTION_EXISTS=pthread_create    -Wl,--whole-archive CMakeFiles/cmTC_84df1.dir/objects.a -Wl,--no-whole-archive  -o cmTC_84df1.exe -Wl,--out-implib,libcmTC_84df1.dll.a -Wl,--major-image-version,0,--minor-image-version,0 @CMakeFiles/cmTC_84df1.dir/linklibs.rsp
/usr/bin/i686-w64-mingw32-ld: cannot find -lpthreads
collect2: error: ld returned 1 exit status
make[1]: *** [CMakeFiles/cmTC_84df1.dir/build.make:89: cmTC_84df1.exe] Error 1
make[1]: Leaving directory '/mnt/d/c/tail/libs/glfw/build/CMakeFiles/CMakeTmp'
make: *** [Makefile:121: cmTC_84df1/fast] Error 2



Performing C SOURCE FILE Test _GLFW_HAS_ASLR failed with the following output:
Change Dir: /mnt/d/c/tail/libs/glfw/build/CMakeFiles/CMakeTmp

Run Build Command(s):/usr/bin/make cmTC_d4275/fast && /usr/bin/make -f CMakeFiles/cmTC_d4275.dir/build.make CMakeFiles/cmTC_d4275.dir/build
make[1]: Entering directory '/mnt/d/c/tail/libs/glfw/build/CMakeFiles/CMakeTmp'
Building C object CMakeFiles/cmTC_d4275.dir/src.c.obj
/usr/bin/i686-w64-mingw32-gcc   -D_GLFW_HAS_ASLR -Wl,--dynamicbase   -o CMakeFiles/cmTC_d4275.dir/src.c.obj   -c /mnt/d/c/tail/libs/glfw/build/CMakeFiles/CMakeTmp/src.c
Linking C executable cmTC_d4275.exe
/usr/bin/cmake -E cmake_link_script CMakeFiles/cmTC_d4275.dir/link.txt --verbose=1
/usr/bin/cmake -E remove -f CMakeFiles/cmTC_d4275.dir/objects.a
/usr/bin/i686-w64-mingw32-ar cr CMakeFiles/cmTC_d4275.dir/objects.a @CMakeFiles/cmTC_d4275.dir/objects1.rsp
/usr/bin/i686-w64-mingw32-gcc  -D_GLFW_HAS_ASLR -Wl,--dynamicbase    -Wl,--whole-archive CMakeFiles/cmTC_d4275.dir/objects.a -Wl,--no-whole-archive  -o cmTC_d4275.exe -Wl,--out-implib,libcmTC_d4275.dll.a -Wl,--major-image-version,0,--minor-image-version,0 @CMakeFiles/cmTC_d4275.dir/linklibs.rsp
collect2: fatal error: ld terminated with signal 11 [Segmentation fault]
compilation terminated.
make[1]: *** [CMakeFiles/cmTC_d4275.dir/build.make:89: cmTC_d4275.exe] Error 1
make[1]: *** Deleting file 'cmTC_d4275.exe'
make[1]: Leaving directory '/mnt/d/c/tail/libs/glfw/build/CMakeFiles/CMakeTmp'
make: *** [Makefile:121: cmTC_d4275/fast] Error 2


Source file was:
int main(void) { return 0; }
Performing C SOURCE FILE Test _GLFW_HAS_64ASLR failed with the following output:
Change Dir: /mnt/d/c/tail/libs/glfw/build/CMakeFiles/CMakeTmp

Run Build Command(s):/usr/bin/make cmTC_941bf/fast && /usr/bin/make -f CMakeFiles/cmTC_941bf.dir/build.make CMakeFiles/cmTC_941bf.dir/build
make[1]: Entering directory '/mnt/d/c/tail/libs/glfw/build/CMakeFiles/CMakeTmp'
Building C object CMakeFiles/cmTC_941bf.dir/src.c.obj
/usr/bin/i686-w64-mingw32-gcc   -D_GLFW_HAS_64ASLR -Wl,--high-entropy-va   -o CMakeFiles/cmTC_941bf.dir/src.c.obj   -c /mnt/d/c/tail/libs/glfw/build/CMakeFiles/CMakeTmp/src.c
Linking C executable cmTC_941bf.exe
/usr/bin/cmake -E cmake_link_script CMakeFiles/cmTC_941bf.dir/link.txt --verbose=1
/usr/bin/cmake -E remove -f CMakeFiles/cmTC_941bf.dir/objects.a
/usr/bin/i686-w64-mingw32-ar cr CMakeFiles/cmTC_941bf.dir/objects.a @CMakeFiles/cmTC_941bf.dir/objects1.rsp
/usr/bin/i686-w64-mingw32-gcc  -D_GLFW_HAS_64ASLR -Wl,--high-entropy-va    -Wl,--whole-archive CMakeFiles/cmTC_941bf.dir/objects.a -Wl,--no-whole-archive  -o cmTC_941bf.exe -Wl,--out-implib,libcmTC_941bf.dll.a -Wl,--major-image-version,0,--minor-image-version,0 @CMakeFiles/cmTC_941bf.dir/linklibs.rsp
/usr/bin/i686-w64-mingw32-ld: unrecognized option '--high-entropy-va'
/usr/bin/i686-w64-mingw32-ld: use the --help option for usage information
collect2: error: ld returned 1 exit status
make[1]: *** [CMakeFiles/cmTC_941bf.dir/build.make:89: cmTC_941bf.exe] Error 1
make[1]: Leaving directory '/mnt/d/c/tail/libs/glfw/build/CMakeFiles/CMakeTmp'
make: *** [Makefile:121: cmTC_941bf/fast] Error 2


Source file was:
int main(void) { return 0; }
