The target system is: Windows - 1 - 
The host system is: Linux - 5.4.72-microsoft-standard-WSL2 - x86_64
Compiling the C compiler identification source file "CMakeCCompilerId.c" succeeded.
Compiler: /usr/bin/i686-w64-mingw32-gcc 
Build flags: 
Id flags:  

The output was:
0


Compilation of the C compiler identification source "CMakeCCompilerId.c" produced "a.exe"

The C compiler identification is GNU, found in "/mnt/d/c/tail/libs/glfw/build/CMakeFiles/3.16.3/CompilerIdC/a.exe"

Determining if the C compiler works passed with the following output:
Change Dir: /mnt/d/c/tail/libs/glfw/build/CMakeFiles/CMakeTmp

Run Build Command(s):/usr/bin/make cmTC_9cdb5/fast && /usr/bin/make -f CMakeFiles/cmTC_9cdb5.dir/build.make CMakeFiles/cmTC_9cdb5.dir/build
make[1]: Entering directory '/mnt/d/c/tail/libs/glfw/build/CMakeFiles/CMakeTmp'
Building C object CMakeFiles/cmTC_9cdb5.dir/testCCompiler.c.obj
/usr/bin/i686-w64-mingw32-gcc    -o CMakeFiles/cmTC_9cdb5.dir/testCCompiler.c.obj   -c /mnt/d/c/tail/libs/glfw/build/CMakeFiles/CMakeTmp/testCCompiler.c
Linking C executable cmTC_9cdb5.exe
/usr/bin/cmake -E cmake_link_script CMakeFiles/cmTC_9cdb5.dir/link.txt --verbose=1
/usr/bin/cmake -E remove -f CMakeFiles/cmTC_9cdb5.dir/objects.a
/usr/bin/i686-w64-mingw32-ar cr CMakeFiles/cmTC_9cdb5.dir/objects.a @CMakeFiles/cmTC_9cdb5.dir/objects1.rsp
/usr/bin/i686-w64-mingw32-gcc      -Wl,--whole-archive CMakeFiles/cmTC_9cdb5.dir/objects.a -Wl,--no-whole-archive  -o cmTC_9cdb5.exe -Wl,--out-implib,libcmTC_9cdb5.dll.a -Wl,--major-image-version,0,--minor-image-version,0 @CMakeFiles/cmTC_9cdb5.dir/linklibs.rsp
make[1]: Leaving directory '/mnt/d/c/tail/libs/glfw/build/CMakeFiles/CMakeTmp'



Detecting C compiler ABI info compiled with the following output:
Change Dir: /mnt/d/c/tail/libs/glfw/build/CMakeFiles/CMakeTmp

Run Build Command(s):/usr/bin/make cmTC_a7adc/fast && /usr/bin/make -f CMakeFiles/cmTC_a7adc.dir/build.make CMakeFiles/cmTC_a7adc.dir/build
make[1]: Entering directory '/mnt/d/c/tail/libs/glfw/build/CMakeFiles/CMakeTmp'
Building C object CMakeFiles/cmTC_a7adc.dir/CMakeCCompilerABI.c.obj
/usr/bin/i686-w64-mingw32-gcc   -v -o CMakeFiles/cmTC_a7adc.dir/CMakeCCompilerABI.c.obj   -c /usr/share/cmake-3.16/Modules/CMakeCCompilerABI.c
Using built-in specs.
COLLECT_GCC=/usr/bin/i686-w64-mingw32-gcc
Target: i686-w64-mingw32
Configured with: ../../src/configure --build=x86_64-linux-gnu --prefix=/usr --includedir='/usr/include' --mandir='/usr/share/man' --infodir='/usr/share/info' --sysconfdir=/etc --localstatedir=/var --disable-silent-rules --libdir='/usr/lib/x86_64-linux-gnu' --libexecdir='/usr/lib/x86_64-linux-gnu' --disable-maintainer-mode --disable-dependency-tracking --prefix=/usr --enable-shared --enable-static --disable-multilib --with-system-zlib --libexecdir=/usr/lib --without-included-gettext --libdir=/usr/lib --enable-libstdcxx-time=yes --with-tune=generic --with-headers=/usr/i686-w64-mingw32/include --enable-version-specific-runtime-libs --enable-fully-dynamic-string --enable-libgomp --enable-languages=c,c++,fortran,objc,obj-c++,ada --enable-lto --enable-threads=win32 --program-suffix=-win32 --program-prefix=i686-w64-mingw32- --target=i686-w64-mingw32 --with-as=/usr/bin/i686-w64-mingw32-as --with-ld=/usr/bin/i686-w64-mingw32-ld --enable-libatomic --enable-libstdcxx-filesystem-ts=yes --enable-dependency-tracking
Thread model: win32
gcc version 9.3-win32 20200320 (GCC) 
COLLECT_GCC_OPTIONS='-v' '-o' 'CMakeFiles/cmTC_a7adc.dir/CMakeCCompilerABI.c.obj' '-c' '-mtune=generic' '-march=pentiumpro'
 /usr/lib/gcc/i686-w64-mingw32/9.3-win32/cc1 -quiet -v -U_REENTRANT /usr/share/cmake-3.16/Modules/CMakeCCompilerABI.c -quiet -dumpbase CMakeCCompilerABI.c -mtune=generic -march=pentiumpro -auxbase-strip CMakeFiles/cmTC_a7adc.dir/CMakeCCompilerABI.c.obj -version -o /tmp/ccm8xSjJ.s
GNU C17 (GCC) version 9.3-win32 20200320 (i686-w64-mingw32)
	compiled by GNU C version 9.3.0, GMP version 6.2.0, MPFR version 4.0.2, MPC version 1.1.0, isl version isl-0.22.1-GMP

GGC heuristics: --param ggc-min-expand=100 --param ggc-min-heapsize=131072
ignoring nonexistent directory "/usr/lib/gcc/i686-w64-mingw32/9.3-win32/../../../../i686-w64-mingw32/sys-include"
#include "..." search starts here:
#include <...> search starts here:
 /usr/lib/gcc/i686-w64-mingw32/9.3-win32/include
 /usr/lib/gcc/i686-w64-mingw32/9.3-win32/include-fixed
 /usr/lib/gcc/i686-w64-mingw32/9.3-win32/../../../../i686-w64-mingw32/include
End of search list.
GNU C17 (GCC) version 9.3-win32 20200320 (i686-w64-mingw32)
	compiled by GNU C version 9.3.0, GMP version 6.2.0, MPFR version 4.0.2, MPC version 1.1.0, isl version isl-0.22.1-GMP

GGC heuristics: --param ggc-min-expand=100 --param ggc-min-heapsize=131072
Compiler executable checksum: f643ac63912c411ad04eb4ca291f161e
COLLECT_GCC_OPTIONS='-v' '-o' 'CMakeFiles/cmTC_a7adc.dir/CMakeCCompilerABI.c.obj' '-c' '-mtune=generic' '-march=pentiumpro'
 /usr/bin/i686-w64-mingw32-as -v -o CMakeFiles/cmTC_a7adc.dir/CMakeCCompilerABI.c.obj /tmp/ccm8xSjJ.s
GNU assembler version 2.34 (i686-w64-mingw32) using BFD version (GNU Binutils) 2.34
COMPILER_PATH=/usr/lib/gcc/i686-w64-mingw32/9.3-win32/:/usr/lib/gcc/i686-w64-mingw32/9.3-win32/:/usr/lib/gcc/i686-w64-mingw32/:/usr/lib/gcc/i686-w64-mingw32/9.3-win32/:/usr/lib/gcc/i686-w64-mingw32/:/usr/lib/gcc/i686-w64-mingw32/9.3-win32/../../../../i686-w64-mingw32/bin/
LIBRARY_PATH=/usr/lib/gcc/i686-w64-mingw32/9.3-win32/:/usr/lib/gcc/i686-w64-mingw32/9.3-win32/../../../../i686-w64-mingw32/lib/../lib/:/usr/lib/gcc/i686-w64-mingw32/9.3-win32/../../../../i686-w64-mingw32/lib/
COLLECT_GCC_OPTIONS='-v' '-o' 'CMakeFiles/cmTC_a7adc.dir/CMakeCCompilerABI.c.obj' '-c' '-mtune=generic' '-march=pentiumpro'
Linking C executable cmTC_a7adc.exe
/usr/bin/cmake -E cmake_link_script CMakeFiles/cmTC_a7adc.dir/link.txt --verbose=1
/usr/bin/cmake -E remove -f CMakeFiles/cmTC_a7adc.dir/objects.a
/usr/bin/i686-w64-mingw32-ar cr CMakeFiles/cmTC_a7adc.dir/objects.a @CMakeFiles/cmTC_a7adc.dir/objects1.rsp
/usr/bin/i686-w64-mingw32-gcc     -v -Wl,--whole-archive CMakeFiles/cmTC_a7adc.dir/objects.a -Wl,--no-whole-archive  -o cmTC_a7adc.exe -Wl,--out-implib,libcmTC_a7adc.dll.a -Wl,--major-image-version,0,--minor-image-version,0 
Using built-in specs.
COLLECT_GCC=/usr/bin/i686-w64-mingw32-gcc
COLLECT_LTO_WRAPPER=/usr/lib/gcc/i686-w64-mingw32/9.3-win32/lto-wrapper
Target: i686-w64-mingw32
Configured with: ../../src/configure --build=x86_64-linux-gnu --prefix=/usr --includedir='/usr/include' --mandir='/usr/share/man' --infodir='/usr/share/info' --sysconfdir=/etc --localstatedir=/var --disable-silent-rules --libdir='/usr/lib/x86_64-linux-gnu' --libexecdir='/usr/lib/x86_64-linux-gnu' --disable-maintainer-mode --disable-dependency-tracking --prefix=/usr --enable-shared --enable-static --disable-multilib --with-system-zlib --libexecdir=/usr/lib --without-included-gettext --libdir=/usr/lib --enable-libstdcxx-time=yes --with-tune=generic --with-headers=/usr/i686-w64-mingw32/include --enable-version-specific-runtime-libs --enable-fully-dynamic-string --enable-libgomp --enable-languages=c,c++,fortran,objc,obj-c++,ada --enable-lto --enable-threads=win32 --program-suffix=-win32 --program-prefix=i686-w64-mingw32- --target=i686-w64-mingw32 --with-as=/usr/bin/i686-w64-mingw32-as --with-ld=/usr/bin/i686-w64-mingw32-ld --enable-libatomic --enable-libstdcxx-filesystem-ts=yes --enable-dependency-tracking
Thread model: win32
gcc version 9.3-win32 20200320 (GCC) 
COMPILER_PATH=/usr/lib/gcc/i686-w64-mingw32/9.3-win32/:/usr/lib/gcc/i686-w64-mingw32/9.3-win32/:/usr/lib/gcc/i686-w64-mingw32/:/usr/lib/gcc/i686-w64-mingw32/9.3-win32/:/usr/lib/gcc/i686-w64-mingw32/:/usr/lib/gcc/i686-w64-mingw32/9.3-win32/../../../../i686-w64-mingw32/bin/
LIBRARY_PATH=/usr/lib/gcc/i686-w64-mingw32/9.3-win32/:/usr/lib/gcc/i686-w64-mingw32/9.3-win32/../../../../i686-w64-mingw32/lib/../lib/:/usr/lib/gcc/i686-w64-mingw32/9.3-win32/../../../../i686-w64-mingw32/lib/
COLLECT_GCC_OPTIONS='-v' '-o' 'cmTC_a7adc.exe' '-mtune=generic' '-march=pentiumpro'
 /usr/lib/gcc/i686-w64-mingw32/9.3-win32/collect2 -plugin /usr/lib/gcc/i686-w64-mingw32/9.3-win32/liblto_plugin.so -plugin-opt=/usr/lib/gcc/i686-w64-mingw32/9.3-win32/lto-wrapper -plugin-opt=-fresolution=/tmp/cc5rYD3i.res -plugin-opt=-pass-through=-lmingw32 -plugin-opt=-pass-through=-lgcc -plugin-opt=-pass-through=-lgcc_eh -plugin-opt=-pass-through=-lmoldname -plugin-opt=-pass-through=-lmingwex -plugin-opt=-pass-through=-lmsvcrt -plugin-opt=-pass-through=-ladvapi32 -plugin-opt=-pass-through=-lshell32 -plugin-opt=-pass-through=-luser32 -plugin-opt=-pass-through=-lkernel32 -plugin-opt=-pass-through=-lmingw32 -plugin-opt=-pass-through=-lgcc -plugin-opt=-pass-through=-lgcc_eh -plugin-opt=-pass-through=-lmoldname -plugin-opt=-pass-through=-lmingwex -plugin-opt=-pass-through=-lmsvcrt -m i386pe -Bdynamic -o cmTC_a7adc.exe /usr/lib/gcc/i686-w64-mingw32/9.3-win32/../../../../i686-w64-mingw32/lib/../lib/crt2.o /usr/lib/gcc/i686-w64-mingw32/9.3-win32/crtbegin.o -L/usr/lib/gcc/i686-w64-mingw32/9.3-win32 -L/usr/lib/gcc/i686-w64-mingw32/9.3-win32/../../../../i686-w64-mingw32/lib/../lib -L/usr/lib/gcc/i686-w64-mingw32/9.3-win32/../../../../i686-w64-mingw32/lib --whole-archive CMakeFiles/cmTC_a7adc.dir/objects.a --no-whole-archive --out-implib libcmTC_a7adc.dll.a --major-image-version 0 --minor-image-version 0 -lmingw32 -lgcc -lgcc_eh -lmoldname -lmingwex -lmsvcrt -ladvapi32 -lshell32 -luser32 -lkernel32 -lmingw32 -lgcc -lgcc_eh -lmoldname -lmingwex -lmsvcrt /usr/lib/gcc/i686-w64-mingw32/9.3-win32/crtend.o
COLLECT_GCC_OPTIONS='-v' '-o' 'cmTC_a7adc.exe' '-mtune=generic' '-march=pentiumpro'
make[1]: Leaving directory '/mnt/d/c/tail/libs/glfw/build/CMakeFiles/CMakeTmp'



Parsed C implicit include dir info from above output: rv=done
  found start of include info
  found start of implicit include info
    add: [/usr/lib/gcc/i686-w64-mingw32/9.3-win32/include]
    add: [/usr/lib/gcc/i686-w64-mingw32/9.3-win32/include-fixed]
    add: [/usr/lib/gcc/i686-w64-mingw32/9.3-win32/../../../../i686-w64-mingw32/include]
  end of search list found
  collapse include dir [/usr/lib/gcc/i686-w64-mingw32/9.3-win32/include] ==> [/usr/lib/gcc/i686-w64-mingw32/9.3-win32/include]
  collapse include dir [/usr/lib/gcc/i686-w64-mingw32/9.3-win32/include-fixed] ==> [/usr/lib/gcc/i686-w64-mingw32/9.3-win32/include-fixed]
  collapse include dir [/usr/lib/gcc/i686-w64-mingw32/9.3-win32/../../../../i686-w64-mingw32/include] ==> [/usr/i686-w64-mingw32/include]
  implicit include dirs: [/usr/lib/gcc/i686-w64-mingw32/9.3-win32/include;/usr/lib/gcc/i686-w64-mingw32/9.3-win32/include-fixed;/usr/i686-w64-mingw32/include]


Parsed C implicit link information from above output:
  link line regex: [^( *|.*[/\])(i686-w64-mingw32-ld|CMAKE_LINK_STARTFILE-NOTFOUND|([^/\]+-)?ld|collect2)[^/\]*( |$)]
  ignore line: [Change Dir: /mnt/d/c/tail/libs/glfw/build/CMakeFiles/CMakeTmp]
  ignore line: []
  ignore line: [Run Build Command(s):/usr/bin/make cmTC_a7adc/fast && /usr/bin/make -f CMakeFiles/cmTC_a7adc.dir/build.make CMakeFiles/cmTC_a7adc.dir/build]
  ignore line: [make[1]: Entering directory '/mnt/d/c/tail/libs/glfw/build/CMakeFiles/CMakeTmp']
  ignore line: [Building C object CMakeFiles/cmTC_a7adc.dir/CMakeCCompilerABI.c.obj]
  ignore line: [/usr/bin/i686-w64-mingw32-gcc   -v -o CMakeFiles/cmTC_a7adc.dir/CMakeCCompilerABI.c.obj   -c /usr/share/cmake-3.16/Modules/CMakeCCompilerABI.c]
  ignore line: [Using built-in specs.]
  ignore line: [COLLECT_GCC=/usr/bin/i686-w64-mingw32-gcc]
  ignore line: [Target: i686-w64-mingw32]
  ignore line: [Configured with: ../../src/configure --build=x86_64-linux-gnu --prefix=/usr --includedir='/usr/include' --mandir='/usr/share/man' --infodir='/usr/share/info' --sysconfdir=/etc --localstatedir=/var --disable-silent-rules --libdir='/usr/lib/x86_64-linux-gnu' --libexecdir='/usr/lib/x86_64-linux-gnu' --disable-maintainer-mode --disable-dependency-tracking --prefix=/usr --enable-shared --enable-static --disable-multilib --with-system-zlib --libexecdir=/usr/lib --without-included-gettext --libdir=/usr/lib --enable-libstdcxx-time=yes --with-tune=generic --with-headers=/usr/i686-w64-mingw32/include --enable-version-specific-runtime-libs --enable-fully-dynamic-string --enable-libgomp --enable-languages=c,c++,fortran,objc,obj-c++,ada --enable-lto --enable-threads=win32 --program-suffix=-win32 --program-prefix=i686-w64-mingw32- --target=i686-w64-mingw32 --with-as=/usr/bin/i686-w64-mingw32-as --with-ld=/usr/bin/i686-w64-mingw32-ld --enable-libatomic --enable-libstdcxx-filesystem-ts=yes --enable-dependency-tracking]
  ignore line: [Thread model: win32]
  ignore line: [gcc version 9.3-win32 20200320 (GCC) ]
  ignore line: [COLLECT_GCC_OPTIONS='-v' '-o' 'CMakeFiles/cmTC_a7adc.dir/CMakeCCompilerABI.c.obj' '-c' '-mtune=generic' '-march=pentiumpro']
  ignore line: [ /usr/lib/gcc/i686-w64-mingw32/9.3-win32/cc1 -quiet -v -U_REENTRANT /usr/share/cmake-3.16/Modules/CMakeCCompilerABI.c -quiet -dumpbase CMakeCCompilerABI.c -mtune=generic -march=pentiumpro -auxbase-strip CMakeFiles/cmTC_a7adc.dir/CMakeCCompilerABI.c.obj -version -o /tmp/ccm8xSjJ.s]
  ignore line: [GNU C17 (GCC) version 9.3-win32 20200320 (i686-w64-mingw32)]
  ignore line: [	compiled by GNU C version 9.3.0  GMP version 6.2.0  MPFR version 4.0.2  MPC version 1.1.0  isl version isl-0.22.1-GMP]
  ignore line: []
  ignore line: [GGC heuristics: --param ggc-min-expand=100 --param ggc-min-heapsize=131072]
  ignore line: [ignoring nonexistent directory "/usr/lib/gcc/i686-w64-mingw32/9.3-win32/../../../../i686-w64-mingw32/sys-include"]
  ignore line: [#include "..." search starts here:]
  ignore line: [#include <...> search starts here:]
  ignore line: [ /usr/lib/gcc/i686-w64-mingw32/9.3-win32/include]
  ignore line: [ /usr/lib/gcc/i686-w64-mingw32/9.3-win32/include-fixed]
  ignore line: [ /usr/lib/gcc/i686-w64-mingw32/9.3-win32/../../../../i686-w64-mingw32/include]
  ignore line: [End of search list.]
  ignore line: [GNU C17 (GCC) version 9.3-win32 20200320 (i686-w64-mingw32)]
  ignore line: [	compiled by GNU C version 9.3.0  GMP version 6.2.0  MPFR version 4.0.2  MPC version 1.1.0  isl version isl-0.22.1-GMP]
  ignore line: []
  ignore line: [GGC heuristics: --param ggc-min-expand=100 --param ggc-min-heapsize=131072]
  ignore line: [Compiler executable checksum: f643ac63912c411ad04eb4ca291f161e]
  ignore line: [COLLECT_GCC_OPTIONS='-v' '-o' 'CMakeFiles/cmTC_a7adc.dir/CMakeCCompilerABI.c.obj' '-c' '-mtune=generic' '-march=pentiumpro']
  ignore line: [ /usr/bin/i686-w64-mingw32-as -v -o CMakeFiles/cmTC_a7adc.dir/CMakeCCompilerABI.c.obj /tmp/ccm8xSjJ.s]
  ignore line: [GNU assembler version 2.34 (i686-w64-mingw32) using BFD version (GNU Binutils) 2.34]
  ignore line: [COMPILER_PATH=/usr/lib/gcc/i686-w64-mingw32/9.3-win32/:/usr/lib/gcc/i686-w64-mingw32/9.3-win32/:/usr/lib/gcc/i686-w64-mingw32/:/usr/lib/gcc/i686-w64-mingw32/9.3-win32/:/usr/lib/gcc/i686-w64-mingw32/:/usr/lib/gcc/i686-w64-mingw32/9.3-win32/../../../../i686-w64-mingw32/bin/]
  ignore line: [LIBRARY_PATH=/usr/lib/gcc/i686-w64-mingw32/9.3-win32/:/usr/lib/gcc/i686-w64-mingw32/9.3-win32/../../../../i686-w64-mingw32/lib/../lib/:/usr/lib/gcc/i686-w64-mingw32/9.3-win32/../../../../i686-w64-mingw32/lib/]
  ignore line: [COLLECT_GCC_OPTIONS='-v' '-o' 'CMakeFiles/cmTC_a7adc.dir/CMakeCCompilerABI.c.obj' '-c' '-mtune=generic' '-march=pentiumpro']
  ignore line: [Linking C executable cmTC_a7adc.exe]
  ignore line: [/usr/bin/cmake -E cmake_link_script CMakeFiles/cmTC_a7adc.dir/link.txt --verbose=1]
  ignore line: [/usr/bin/cmake -E remove -f CMakeFiles/cmTC_a7adc.dir/objects.a]
  ignore line: [/usr/bin/i686-w64-mingw32-ar cr CMakeFiles/cmTC_a7adc.dir/objects.a @CMakeFiles/cmTC_a7adc.dir/objects1.rsp]
  ignore line: [/usr/bin/i686-w64-mingw32-gcc     -v -Wl --whole-archive CMakeFiles/cmTC_a7adc.dir/objects.a -Wl --no-whole-archive  -o cmTC_a7adc.exe -Wl --out-implib libcmTC_a7adc.dll.a -Wl --major-image-version 0 --minor-image-version 0 ]
  ignore line: [Using built-in specs.]
  ignore line: [COLLECT_GCC=/usr/bin/i686-w64-mingw32-gcc]
  ignore line: [COLLECT_LTO_WRAPPER=/usr/lib/gcc/i686-w64-mingw32/9.3-win32/lto-wrapper]
  ignore line: [Target: i686-w64-mingw32]
  ignore line: [Configured with: ../../src/configure --build=x86_64-linux-gnu --prefix=/usr --includedir='/usr/include' --mandir='/usr/share/man' --infodir='/usr/share/info' --sysconfdir=/etc --localstatedir=/var --disable-silent-rules --libdir='/usr/lib/x86_64-linux-gnu' --libexecdir='/usr/lib/x86_64-linux-gnu' --disable-maintainer-mode --disable-dependency-tracking --prefix=/usr --enable-shared --enable-static --disable-multilib --with-system-zlib --libexecdir=/usr/lib --without-included-gettext --libdir=/usr/lib --enable-libstdcxx-time=yes --with-tune=generic --with-headers=/usr/i686-w64-mingw32/include --enable-version-specific-runtime-libs --enable-fully-dynamic-string --enable-libgomp --enable-languages=c,c++,fortran,objc,obj-c++,ada --enable-lto --enable-threads=win32 --program-suffix=-win32 --program-prefix=i686-w64-mingw32- --target=i686-w64-mingw32 --with-as=/usr/bin/i686-w64-mingw32-as --with-ld=/usr/bin/i686-w64-mingw32-ld --enable-libatomic --enable-libstdcxx-filesystem-ts=yes --enable-dependency-tracking]
  ignore line: [Thread model: win32]
  ignore line: [gcc version 9.3-win32 20200320 (GCC) ]
  ignore line: [COMPILER_PATH=/usr/lib/gcc/i686-w64-mingw32/9.3-win32/:/usr/lib/gcc/i686-w64-mingw32/9.3-win32/:/usr/lib/gcc/i686-w64-mingw32/:/usr/lib/gcc/i686-w64-mingw32/9.3-win32/:/usr/lib/gcc/i686-w64-mingw32/:/usr/lib/gcc/i686-w64-mingw32/9.3-win32/../../../../i686-w64-mingw32/bin/]
  ignore line: [LIBRARY_PATH=/usr/lib/gcc/i686-w64-mingw32/9.3-win32/:/usr/lib/gcc/i686-w64-mingw32/9.3-win32/../../../../i686-w64-mingw32/lib/../lib/:/usr/lib/gcc/i686-w64-mingw32/9.3-win32/../../../../i686-w64-mingw32/lib/]
  ignore line: [COLLECT_GCC_OPTIONS='-v' '-o' 'cmTC_a7adc.exe' '-mtune=generic' '-march=pentiumpro']
  link line: [ /usr/lib/gcc/i686-w64-mingw32/9.3-win32/collect2 -plugin /usr/lib/gcc/i686-w64-mingw32/9.3-win32/liblto_plugin.so -plugin-opt=/usr/lib/gcc/i686-w64-mingw32/9.3-win32/lto-wrapper -plugin-opt=-fresolution=/tmp/cc5rYD3i.res -plugin-opt=-pass-through=-lmingw32 -plugin-opt=-pass-through=-lgcc -plugin-opt=-pass-through=-lgcc_eh -plugin-opt=-pass-through=-lmoldname -plugin-opt=-pass-through=-lmingwex -plugin-opt=-pass-through=-lmsvcrt -plugin-opt=-pass-through=-ladvapi32 -plugin-opt=-pass-through=-lshell32 -plugin-opt=-pass-through=-luser32 -plugin-opt=-pass-through=-lkernel32 -plugin-opt=-pass-through=-lmingw32 -plugin-opt=-pass-through=-lgcc -plugin-opt=-pass-through=-lgcc_eh -plugin-opt=-pass-through=-lmoldname -plugin-opt=-pass-through=-lmingwex -plugin-opt=-pass-through=-lmsvcrt -m i386pe -Bdynamic -o cmTC_a7adc.exe /usr/lib/gcc/i686-w64-mingw32/9.3-win32/../../../../i686-w64-mingw32/lib/../lib/crt2.o /usr/lib/gcc/i686-w64-mingw32/9.3-win32/crtbegin.o -L/usr/lib/gcc/i686-w64-mingw32/9.3-win32 -L/usr/lib/gcc/i686-w64-mingw32/9.3-win32/../../../../i686-w64-mingw32/lib/../lib -L/usr/lib/gcc/i686-w64-mingw32/9.3-win32/../../../../i686-w64-mingw32/lib --whole-archive CMakeFiles/cmTC_a7adc.dir/objects.a --no-whole-archive --out-implib libcmTC_a7adc.dll.a --major-image-version 0 --minor-image-version 0 -lmingw32 -lgcc -lgcc_eh -lmoldname -lmingwex -lmsvcrt -ladvapi32 -lshell32 -luser32 -lkernel32 -lmingw32 -lgcc -lgcc_eh -lmoldname -lmingwex -lmsvcrt /usr/lib/gcc/i686-w64-mingw32/9.3-win32/crtend.o]
    arg [/usr/lib/gcc/i686-w64-mingw32/9.3-win32/collect2] ==> ignore
    arg [-plugin] ==> ignore
    arg [/usr/lib/gcc/i686-w64-mingw32/9.3-win32/liblto_plugin.so] ==> ignore
    arg [-plugin-opt=/usr/lib/gcc/i686-w64-mingw32/9.3-win32/lto-wrapper] ==> ignore
    arg [-plugin-opt=-fresolution=/tmp/cc5rYD3i.res] ==> ignore
    arg [-plugin-opt=-pass-through=-lmingw32] ==> ignore
    arg [-plugin-opt=-pass-through=-lgcc] ==> ignore
    arg [-plugin-opt=-pass-through=-lgcc_eh] ==> ignore
    arg [-plugin-opt=-pass-through=-lmoldname] ==> ignore
    arg [-plugin-opt=-pass-through=-lmingwex] ==> ignore
    arg [-plugin-opt=-pass-through=-lmsvcrt] ==> ignore
    arg [-plugin-opt=-pass-through=-ladvapi32] ==> ignore
    arg [-plugin-opt=-pass-through=-lshell32] ==> ignore
    arg [-plugin-opt=-pass-through=-luser32] ==> ignore
    arg [-plugin-opt=-pass-through=-lkernel32] ==> ignore
    arg [-plugin-opt=-pass-through=-lmingw32] ==> ignore
    arg [-plugin-opt=-pass-through=-lgcc] ==> ignore
    arg [-plugin-opt=-pass-through=-lgcc_eh] ==> ignore
    arg [-plugin-opt=-pass-through=-lmoldname] ==> ignore
    arg [-plugin-opt=-pass-through=-lmingwex] ==> ignore
    arg [-plugin-opt=-pass-through=-lmsvcrt] ==> ignore
    arg [-m] ==> ignore
    arg [i386pe] ==> ignore
    arg [-Bdynamic] ==> ignore
    arg [-o] ==> ignore
    arg [cmTC_a7adc.exe] ==> ignore
    arg [/usr/lib/gcc/i686-w64-mingw32/9.3-win32/../../../../i686-w64-mingw32/lib/../lib/crt2.o] ==> ignore
    arg [/usr/lib/gcc/i686-w64-mingw32/9.3-win32/crtbegin.o] ==> ignore
    arg [-L/usr/lib/gcc/i686-w64-mingw32/9.3-win32] ==> dir [/usr/lib/gcc/i686-w64-mingw32/9.3-win32]
    arg [-L/usr/lib/gcc/i686-w64-mingw32/9.3-win32/../../../../i686-w64-mingw32/lib/../lib] ==> dir [/usr/lib/gcc/i686-w64-mingw32/9.3-win32/../../../../i686-w64-mingw32/lib/../lib]
    arg [-L/usr/lib/gcc/i686-w64-mingw32/9.3-win32/../../../../i686-w64-mingw32/lib] ==> dir [/usr/lib/gcc/i686-w64-mingw32/9.3-win32/../../../../i686-w64-mingw32/lib]
    arg [--whole-archive] ==> ignore
    arg [CMakeFiles/cmTC_a7adc.dir/objects.a] ==> ignore
    arg [--no-whole-archive] ==> ignore
    arg [--out-implib] ==> ignore
    arg [libcmTC_a7adc.dll.a] ==> ignore
    arg [--major-image-version] ==> ignore
    arg [0] ==> ignore
    arg [--minor-image-version] ==> ignore
    arg [0] ==> ignore
    arg [-lmingw32] ==> lib [mingw32]
    arg [-lgcc] ==> lib [gcc]
    arg [-lgcc_eh] ==> lib [gcc_eh]
    arg [-lmoldname] ==> lib [moldname]
    arg [-lmingwex] ==> lib [mingwex]
    arg [-lmsvcrt] ==> lib [msvcrt]
    arg [-ladvapi32] ==> lib [advapi32]
    arg [-lshell32] ==> lib [shell32]
    arg [-luser32] ==> lib [user32]
    arg [-lkernel32] ==> lib [kernel32]
    arg [-lmingw32] ==> lib [mingw32]
    arg [-lgcc] ==> lib [gcc]
    arg [-lgcc_eh] ==> lib [gcc_eh]
    arg [-lmoldname] ==> lib [moldname]
    arg [-lmingwex] ==> lib [mingwex]
    arg [-lmsvcrt] ==> lib [msvcrt]
    arg [/usr/lib/gcc/i686-w64-mingw32/9.3-win32/crtend.o] ==> ignore
  remove lib [gcc_eh]
  remove lib [msvcrt]
  remove lib [gcc_eh]
  remove lib [msvcrt]
  collapse library dir [/usr/lib/gcc/i686-w64-mingw32/9.3-win32] ==> [/usr/lib/gcc/i686-w64-mingw32/9.3-win32]
  collapse library dir [/usr/lib/gcc/i686-w64-mingw32/9.3-win32/../../../../i686-w64-mingw32/lib/../lib] ==> [/usr/i686-w64-mingw32/lib]
  collapse library dir [/usr/lib/gcc/i686-w64-mingw32/9.3-win32/../../../../i686-w64-mingw32/lib] ==> [/usr/i686-w64-mingw32/lib]
  implicit libs: [mingw32;gcc;moldname;mingwex;advapi32;shell32;user32;kernel32;mingw32;gcc;moldname;mingwex]
  implicit dirs: [/usr/lib/gcc/i686-w64-mingw32/9.3-win32;/usr/i686-w64-mingw32/lib]
  implicit fwks: []


Determining if the include file pthread.h exists passed with the following output:
Change Dir: /mnt/d/c/tail/libs/glfw/build/CMakeFiles/CMakeTmp

Run Build Command(s):/usr/bin/make cmTC_ebc48/fast && /usr/bin/make -f CMakeFiles/cmTC_ebc48.dir/build.make CMakeFiles/cmTC_ebc48.dir/build
make[1]: Entering directory '/mnt/d/c/tail/libs/glfw/build/CMakeFiles/CMakeTmp'
Building C object CMakeFiles/cmTC_ebc48.dir/CheckIncludeFile.c.obj
/usr/bin/i686-w64-mingw32-gcc    -o CMakeFiles/cmTC_ebc48.dir/CheckIncludeFile.c.obj   -c /mnt/d/c/tail/libs/glfw/build/CMakeFiles/CMakeTmp/CheckIncludeFile.c
Linking C executable cmTC_ebc48.exe
/usr/bin/cmake -E cmake_link_script CMakeFiles/cmTC_ebc48.dir/link.txt --verbose=1
/usr/bin/cmake -E remove -f CMakeFiles/cmTC_ebc48.dir/objects.a
/usr/bin/i686-w64-mingw32-ar cr CMakeFiles/cmTC_ebc48.dir/objects.a @CMakeFiles/cmTC_ebc48.dir/objects1.rsp
/usr/bin/i686-w64-mingw32-gcc      -Wl,--whole-archive CMakeFiles/cmTC_ebc48.dir/objects.a -Wl,--no-whole-archive  -o cmTC_ebc48.exe -Wl,--out-implib,libcmTC_ebc48.dll.a -Wl,--major-image-version,0,--minor-image-version,0 @CMakeFiles/cmTC_ebc48.dir/linklibs.rsp
make[1]: Leaving directory '/mnt/d/c/tail/libs/glfw/build/CMakeFiles/CMakeTmp'



Determining if the function pthread_create exists in the pthread passed with the following output:
Change Dir: /mnt/d/c/tail/libs/glfw/build/CMakeFiles/CMakeTmp

Run Build Command(s):/usr/bin/make cmTC_917d7/fast && /usr/bin/make -f CMakeFiles/cmTC_917d7.dir/build.make CMakeFiles/cmTC_917d7.dir/build
make[1]: Entering directory '/mnt/d/c/tail/libs/glfw/build/CMakeFiles/CMakeTmp'
Building C object CMakeFiles/cmTC_917d7.dir/CheckFunctionExists.c.obj
/usr/bin/i686-w64-mingw32-gcc   -DCHECK_FUNCTION_EXISTS=pthread_create   -o CMakeFiles/cmTC_917d7.dir/CheckFunctionExists.c.obj   -c /usr/share/cmake-3.16/Modules/CheckFunctionExists.c
Linking C executable cmTC_917d7.exe
/usr/bin/cmake -E cmake_link_script CMakeFiles/cmTC_917d7.dir/link.txt --verbose=1
/usr/bin/cmake -E remove -f CMakeFiles/cmTC_917d7.dir/objects.a
/usr/bin/i686-w64-mingw32-ar cr CMakeFiles/cmTC_917d7.dir/objects.a @CMakeFiles/cmTC_917d7.dir/objects1.rsp
/usr/bin/i686-w64-mingw32-gcc  -DCHECK_FUNCTION_EXISTS=pthread_create    -Wl,--whole-archive CMakeFiles/cmTC_917d7.dir/objects.a -Wl,--no-whole-archive  -o cmTC_917d7.exe -Wl,--out-implib,libcmTC_917d7.dll.a -Wl,--major-image-version,0,--minor-image-version,0 @CMakeFiles/cmTC_917d7.dir/linklibs.rsp
make[1]: Leaving directory '/mnt/d/c/tail/libs/glfw/build/CMakeFiles/CMakeTmp'



Determining if the include file dinput.h exists passed with the following output:
Change Dir: /mnt/d/c/tail/libs/glfw/build/CMakeFiles/CMakeTmp

Run Build Command(s):/usr/bin/make cmTC_a7b24/fast && /usr/bin/make -f CMakeFiles/cmTC_a7b24.dir/build.make CMakeFiles/cmTC_a7b24.dir/build
make[1]: Entering directory '/mnt/d/c/tail/libs/glfw/build/CMakeFiles/CMakeTmp'
Building C object CMakeFiles/cmTC_a7b24.dir/CheckIncludeFile.c.obj
/usr/bin/i686-w64-mingw32-gcc    -o CMakeFiles/cmTC_a7b24.dir/CheckIncludeFile.c.obj   -c /mnt/d/c/tail/libs/glfw/build/CMakeFiles/CMakeTmp/CheckIncludeFile.c
Linking C executable cmTC_a7b24.exe
/usr/bin/cmake -E cmake_link_script CMakeFiles/cmTC_a7b24.dir/link.txt --verbose=1
/usr/bin/cmake -E remove -f CMakeFiles/cmTC_a7b24.dir/objects.a
/usr/bin/i686-w64-mingw32-ar cr CMakeFiles/cmTC_a7b24.dir/objects.a @CMakeFiles/cmTC_a7b24.dir/objects1.rsp
/usr/bin/i686-w64-mingw32-gcc      -Wl,--whole-archive CMakeFiles/cmTC_a7b24.dir/objects.a -Wl,--no-whole-archive  -o cmTC_a7b24.exe -Wl,--out-implib,libcmTC_a7b24.dll.a -Wl,--major-image-version,0,--minor-image-version,0 @CMakeFiles/cmTC_a7b24.dir/linklibs.rsp
make[1]: Leaving directory '/mnt/d/c/tail/libs/glfw/build/CMakeFiles/CMakeTmp'



Determining if the include file xinput.h exists passed with the following output:
Change Dir: /mnt/d/c/tail/libs/glfw/build/CMakeFiles/CMakeTmp

Run Build Command(s):/usr/bin/make cmTC_3a464/fast && /usr/bin/make -f CMakeFiles/cmTC_3a464.dir/build.make CMakeFiles/cmTC_3a464.dir/build
make[1]: Entering directory '/mnt/d/c/tail/libs/glfw/build/CMakeFiles/CMakeTmp'
Building C object CMakeFiles/cmTC_3a464.dir/CheckIncludeFile.c.obj
/usr/bin/i686-w64-mingw32-gcc    -o CMakeFiles/cmTC_3a464.dir/CheckIncludeFile.c.obj   -c /mnt/d/c/tail/libs/glfw/build/CMakeFiles/CMakeTmp/CheckIncludeFile.c
Linking C executable cmTC_3a464.exe
/usr/bin/cmake -E cmake_link_script CMakeFiles/cmTC_3a464.dir/link.txt --verbose=1
/usr/bin/cmake -E remove -f CMakeFiles/cmTC_3a464.dir/objects.a
/usr/bin/i686-w64-mingw32-ar cr CMakeFiles/cmTC_3a464.dir/objects.a @CMakeFiles/cmTC_3a464.dir/objects1.rsp
/usr/bin/i686-w64-mingw32-gcc      -Wl,--whole-archive CMakeFiles/cmTC_3a464.dir/objects.a -Wl,--no-whole-archive  -o cmTC_3a464.exe -Wl,--out-implib,libcmTC_3a464.dll.a -Wl,--major-image-version,0,--minor-image-version,0 @CMakeFiles/cmTC_3a464.dir/linklibs.rsp
make[1]: Leaving directory '/mnt/d/c/tail/libs/glfw/build/CMakeFiles/CMakeTmp'



Performing C SOURCE FILE Test _GLFW_HAS_DEP succeeded with the following output:
Change Dir: /mnt/d/c/tail/libs/glfw/build/CMakeFiles/CMakeTmp

Run Build Command(s):/usr/bin/make cmTC_424d9/fast && /usr/bin/make -f CMakeFiles/cmTC_424d9.dir/build.make CMakeFiles/cmTC_424d9.dir/build
make[1]: Entering directory '/mnt/d/c/tail/libs/glfw/build/CMakeFiles/CMakeTmp'
Building C object CMakeFiles/cmTC_424d9.dir/src.c.obj
/usr/bin/i686-w64-mingw32-gcc   -D_GLFW_HAS_DEP -Wl,--nxcompat   -o CMakeFiles/cmTC_424d9.dir/src.c.obj   -c /mnt/d/c/tail/libs/glfw/build/CMakeFiles/CMakeTmp/src.c
Linking C executable cmTC_424d9.exe
/usr/bin/cmake -E cmake_link_script CMakeFiles/cmTC_424d9.dir/link.txt --verbose=1
/usr/bin/cmake -E remove -f CMakeFiles/cmTC_424d9.dir/objects.a
/usr/bin/i686-w64-mingw32-ar cr CMakeFiles/cmTC_424d9.dir/objects.a @CMakeFiles/cmTC_424d9.dir/objects1.rsp
/usr/bin/i686-w64-mingw32-gcc  -D_GLFW_HAS_DEP -Wl,--nxcompat    -Wl,--whole-archive CMakeFiles/cmTC_424d9.dir/objects.a -Wl,--no-whole-archive  -o cmTC_424d9.exe -Wl,--out-implib,libcmTC_424d9.dll.a -Wl,--major-image-version,0,--minor-image-version,0 @CMakeFiles/cmTC_424d9.dir/linklibs.rsp
make[1]: Leaving directory '/mnt/d/c/tail/libs/glfw/build/CMakeFiles/CMakeTmp'


Source file was:
int main(void) { return 0; }
